<?xml version="1.0" encoding="UTF-8"?>
<!-- Generated by org.testng.reporters.JUnitReportReporter -->
<testsuite hostname="Shika-Laptop" failures="0" tests="4" name="testLayer.Logintest" time="28.614" errors="0" timestamp="2023-06-21T13:02:54 EDT" skipped="0">
  <testcase classname="testLayer.Logintest" name="Title" time="4.185"/>
  <system-out/>
  <testcase classname="testLayer.Logintest" name="Login" time="9.009"/>
  <system-out/>
  <testcase classname="testLayer.Logintest" name="Login" time="7.641"/>
  <system-out/>
  <testcase classname="testLayer.Logintest" name="Login" time="7.779"/>
  <system-out/>
</testsuite> <!-- testLayer.Logintest -->
